2018-09-02 22:13:33.9505|INFO|BellScheduler.Logger|System.FormatException: Input string was not in a correct format.
   at System.Number.StringToNumber(String str, NumberStyles options, NumberBuffer& number, NumberFormatInfo info, Boolean parseDecimal)
   at System.Number.ParseInt32(String s, NumberStyles style, NumberFormatInfo info)
   at System.Convert.ToInt32(String value)
   at BellScheduler.DeviceDataManager.FromCsv(String csvLine) in C:\Bell-Management\BellScheduler\BellScheduler\DeviceDataManager.cs:line 63
   at BellScheduler.DeviceDataManager.<>c.<LoadData>b__7_0(String v) in C:\Bell-Management\BellScheduler\BellScheduler\DeviceDataManager.cs:line 48
   at System.Linq.Enumerable.WhereSelectEnumerableIterator`2.MoveNext()
   at System.Collections.Generic.List`1..ctor(IEnumerable`1 collection)
   at System.Linq.Enumerable.ToList[TSource](IEnumerable`1 source)
   at BellScheduler.DeviceDataManager.LoadData() in C:\Bell-Management\BellScheduler\BellScheduler\DeviceDataManager.cs:line 46
   at BellScheduler.BellForm.btnOpenDeviceList_Click(Object sender, EventArgs e) in C:\Bell-Management\BellScheduler\BellScheduler\BellForm.cs:line 358
   at System.Windows.Forms.Control.OnClick(EventArgs e)
   at System.Windows.Forms.Button.OnClick(EventArgs e)
   at System.Windows.Forms.Button.OnMouseUp(MouseEventArgs mevent)
   at System.Windows.Forms.Control.WmMouseUp(Message& m, MouseButtons button, Int32 clicks)
   at System.Windows.Forms.Control.WndProc(Message& m)
   at System.Windows.Forms.ButtonBase.WndProc(Message& m)
   at System.Windows.Forms.Button.WndProc(Message& m)
   at System.Windows.Forms.Control.ControlNativeWindow.OnMessage(Message& m)
   at System.Windows.Forms.Control.ControlNativeWindow.WndProc(Message& m)
   at System.Windows.Forms.NativeWindow.DebuggableCallback(IntPtr hWnd, Int32 msg, IntPtr wparam, IntPtr lparam)
   at System.Windows.Forms.UnsafeNativeMethods.DispatchMessageW(MSG& msg)
   at System.Windows.Forms.Application.ComponentManager.System.Windows.Forms.UnsafeNativeMethods.IMsoComponentManager.FPushMessageLoop(IntPtr dwComponentID, Int32 reason, Int32 pvLoopData)
   at System.Windows.Forms.Application.ThreadContext.RunMessageLoopInner(Int32 reason, ApplicationContext context)
   at System.Windows.Forms.Application.ThreadContext.RunMessageLoop(Int32 reason, ApplicationContext context)
   at System.Windows.Forms.Application.Run(Form mainForm)
   at BellScheduler.BellProgram.Main(String[] args) in C:\Bell-Management\BellScheduler\BellScheduler\BellProgram.cs:line 54
   at System.AppDomain._nExecuteAssembly(RuntimeAssembly assembly, String[] args)
   at System.AppDomain.ExecuteAssembly(String assemblyFile, Evidence assemblySecurity, String[] args)
   at Microsoft.VisualStudio.HostingProcess.HostProc.RunUsersAssembly()
   at System.Threading.ThreadHelper.ThreadStart_Context(Object state)
   at System.Threading.ExecutionContext.RunInternal(ExecutionContext executionContext, ContextCallback callback, Object state, Boolean preserveSyncCtx)
   at System.Threading.ExecutionContext.Run(ExecutionContext executionContext, ContextCallback callback, Object state, Boolean preserveSyncCtx)
   at System.Threading.ExecutionContext.Run(ExecutionContext executionContext, ContextCallback callback, Object state)
   at System.Threading.ThreadHelper.ThreadStart()
2018-09-25 22:40:55.0377|INFO|BellScheduler.Logger|There is some error while parsing the data at line number 1Of file 
2018-09-25 22:52:42.8080|INFO|BellScheduler.Logger|There is some error while parsing the data at line number 1Of file 
2018-09-25 22:55:03.0137|INFO|BellScheduler.Logger|There is some error while parsing the data at line number 1Of file 
2018-10-06 19:19:57.3912|INFO|BellScheduler.Logger|There is some error while parsing the data at line number 1Of file 
2018-10-07 21:12:01.8324|INFO|BellScheduler.Logger|There is some error while parsing the data at line number 1Of file 
2018-10-07 21:16:02.5218|INFO|BellScheduler.Logger|There is some error while parsing the data at line number 1Of file 
2018-10-07 21:16:37.2121|INFO|BellScheduler.Logger|There is some error while parsing the data at line number 1Of file 
2018-10-07 21:19:46.8199|INFO|BellScheduler.Logger|There is some error while parsing the data at line number 1Of file 
2018-10-07 21:33:39.8771|INFO|BellScheduler.Logger|There is some error while parsing the data at line number 1Of file 
2018-10-07 21:36:21.6929|INFO|BellScheduler.Logger|There is some error while parsing the data at line number 1Of file 
2018-10-07 21:37:25.7931|INFO|BellScheduler.Logger|There is some error while parsing the data at line number 1Of file 
2018-10-07 21:40:38.5003|INFO|BellScheduler.Logger|There is some error while parsing the data at line number 1Of file 
2018-10-07 21:41:17.7005|INFO|BellScheduler.Logger|There is some error while parsing the data at line number 1Of file 
2018-10-07 22:02:27.1856|INFO|BellScheduler.Logger|There is some error while parsing the data at line number 1Of file C:\Dev\Projects\Bell-Scheduler-master\Data\TestList.csv
2018-10-07 22:02:27.2636|INFO|BellScheduler.Logger|There is some error while parsing the data at line number 2Of file C:\Dev\Projects\Bell-Scheduler-master\Data\TestList.csv
2018-10-07 22:06:41.0998|INFO|BellScheduler.Logger|There is some error while parsing the data at line number 1Of file C:\Dev\Projects\Bell-Scheduler-master\Data\TestList.csv
2018-10-07 22:06:41.1589|INFO|BellScheduler.Logger|There is some error while parsing the data at line number 2Of file C:\Dev\Projects\Bell-Scheduler-master\Data\TestList.csv
